#
# A fatal error has been detected by the Java Runtime Environment:
#
#  EXCEPTION_ACCESS_VIOLATION (0xc0000005) at pc=0x000002e76a8fff00, pid=19508, tid=6780
#
# JRE version: Java(TM) SE Runtime Environment (19.0.1+10) (build 19.0.1+10-21)
# Java VM: Java HotSpot(TM) 64-Bit Server VM (19.0.1+10-21, mixed mode, sharing, tiered, compressed oops, compressed class ptrs, g1 gc, windows-amd64)
# Problematic frame:
# C  0x000002e76a8fff00
#
# No core dump will be written. Minidumps are not enabled by default on client versions of Windows
#
# If you would like to submit a bug report, please visit:
#   https://bugreport.java.com/bugreport/crash.jsp
# The crash happened outside the Java Virtual Machine in native code.
# See problematic frame for where to report the bug.
#

---------------  S U M M A R Y ------------

Command Line: -javaagent:D:\SOFTWARE\INTELLIJ\IntelliJ IDEA Community Edition 2022.2.3\lib\idea_rt.jar=52553:D:\SOFTWARE\INTELLIJ\IntelliJ IDEA Community Edition 2022.2.3\bin -Dfile.encoding=UTF-8 -Dsun.stdout.encoding=UTF-8 -Dsun.stderr.encoding=UTF-8 org.tencherobert.Main

Host: AMD Ryzen 7 4800H with Radeon Graphics         , 16 cores, 15G,  Windows 11 , 64 bit Build 22621 (10.0.22621.1635)
Time: Mon May 15 13:52:35 2023 GTB Daylight Time elapsed time: 2.368948 seconds (0d 0h 0m 2s)

---------------  T H R E A D  ---------------

Current thread (0x000002e761b47b10):  JavaThread "main-Display-.windows_jogl-1-EDT-1" daemon [_thread_in_native, id=6780, stack(0x000000ecf7f00000,0x000000ecf8000000)]

Stack: [0x000000ecf7f00000,0x000000ecf8000000],  sp=0x000000ecf7ffe800,  free space=1018k
Native frames: (J=compiled Java code, j=interpreted, Vv=VM code, C=native code)
C  0x000002e76a8fff00

Java frames: (J=compiled Java code, j=interpreted, Vv=VM code)
j  jogamp.opengl.gl4.GL4bcImpl.dispatch_glDrawArrays1(IIIJ)V+0
j  jogamp.opengl.gl4.GL4bcImpl.glDrawArrays(III)V+45
j  org.tencherobert.Window.display(Lcom/jogamp/opengl/GLAutoDrawable;)V+56
j  jogamp.opengl.GLDrawableHelper.displayImpl(Lcom/jogamp/opengl/GLAutoDrawable;)V+62
j  jogamp.opengl.GLDrawableHelper.display(Lcom/jogamp/opengl/GLAutoDrawable;)V+2
j  jogamp.opengl.GLAutoDrawableBase$2.run()V+59
j  jogamp.opengl.GLDrawableHelper.invokeGLImpl(Lcom/jogamp/opengl/GLDrawable;Lcom/jogamp/opengl/GLContext;Ljava/lang/Runnable;Ljava/lang/Runnable;)V+203
j  jogamp.opengl.GLDrawableHelper.invokeGL(Lcom/jogamp/opengl/GLDrawable;Lcom/jogamp/opengl/GLContext;Ljava/lang/Runnable;Ljava/lang/Runnable;)V+72
j  com.jogamp.newt.opengl.GLWindow.display()V+90
j  jogamp.opengl.GLAutoDrawableBase.defaultWindowResizedOp(II)V+206
j  com.jogamp.newt.opengl.GLWindow.access$200(Lcom/jogamp/newt/opengl/GLWindow;II)V+3
j  com.jogamp.newt.opengl.GLWindow$2.windowResized(Lcom/jogamp/newt/event/WindowEvent;)V+18
j  jogamp.newt.WindowImpl.consumeWindowEvent(Lcom/jogamp/newt/event/WindowEvent;)V+234
j  jogamp.newt.WindowImpl.sendWindowEvent(I)V+14
j  jogamp.newt.WindowImpl.setVisibleActionImpl(Z)V+691
j  jogamp.newt.WindowImpl$VisibleAction.run()V+8
j  com.jogamp.common.util.RunnableTask.run()V+198
j  jogamp.newt.DefaultEDTUtil$NEDT.run()V+221
v  ~StubRoutines::call_stub 0x000002e748bf100e

siginfo: EXCEPTION_ACCESS_VIOLATION (0xc0000005), reading address 0x0000000000000000


Registers:
RAX=0x000002e762f77be0, RBX=0x000002e76a650000, RCX=0x0000000000000000, RDX=0x0000000000000003
RSP=0x000000ecf7ffe800, RBP=0x000002e769b75410, RSI=0x0000000000000000, RDI=0x0000000000000000
R8 =0x0000000000000000, R9 =0x0000000000000003, R10=0x000002e769b75410, R11=0x0000000000000000
R12=0x0000000000000000, R13=0x0000000000000000, R14=0x0000000000000004, R15=0x000002e762f77be0
RIP=0x000002e76a8fff00, EFLAGS=0x0000000000010206


Register to memory mapping:

RIP=0x000002e76a8fff00 points into unknown readable memory: 0x893889046e8b3e8b | 8b 3e 8b 6e 04 89 38 89
RAX=0x000002e762f77be0 points into unknown readable memory: 0x0000000000000000 | 00 00 00 00 00 00 00 00
RBX=0x000002e76a650000 points into unknown readable memory: 0x000002e769591d70 | 70 1d 59 69 e7 02 00 00
RCX=0x0 is NULL
RDX=0x0000000000000003 is an unknown value
RSP=0x000000ecf7ffe800 is pointing into the stack for thread: 0x000002e761b47b10
RBP=0x000002e769b75410 points into unknown readable memory: 0x0000000001000000 | 00 00 00 01 00 00 00 00
RSI=0x0 is NULL
RDI=0x0 is NULL
R8 =0x0 is NULL
R9 =0x0000000000000003 is an unknown value
R10=0x000002e769b75410 points into unknown readable memory: 0x0000000001000000 | 00 00 00 01 00 00 00 00
R11=0x0 is NULL
R12=0x0 is NULL
R13=0x0 is NULL
R14=0x0000000000000004 is an unknown value
R15=0x000002e762f77be0 points into unknown readable memory: 0x0000000000000000 | 00 00 00 00 00 00 00 00


Top of Stack: (sp=0x000000ecf7ffe800)
0x000000ecf7ffe800:   000002e769aadd00 0000000000000000
0x000000ecf7ffe810:   0000000000000003 000002e76a650000
0x000000ecf7ffe820:   000002e769b75410 00007ffb5c1f552c
0x000000ecf7ffe830:   000002e76a650000 000002e769b75410
0x000000ecf7ffe840:   0000000000000003 000002e76a650000
0x000000ecf7ffe850:   0000000000000000 000000ecf7ffe910
0x000000ecf7ffe860:   0000000000000003 000002e769c79938
0x000000ecf7ffe870:   0000000000000004 000002e769b75410
0x000000ecf7ffe880:   0000000000000003 0000000000000000
0x000000ecf7ffe890:   000002e76a650000 00007ffb5c1f1513
0x000000ecf7ffe8a0:   000002e700000000 0000000000000000
0x000000ecf7ffe8b0:   0000000000000004 0000000000000003
0x000000ecf7ffe8c0:   0000000000000003 00c0000000000000
0x000000ecf7ffe8d0:   000002e769c79938 000002e769b75410
0x000000ecf7ffe8e0:   0000000000000000 00007ffb5c1f1770
0x000000ecf7ffe8f0:   0000000000000003 000002e76a650000 

Instructions: (pc=0x000002e76a8fff00)
0x000002e76a8ffe00:   00 00 00 00 00 00 00 00 00 00 00 00 00 00 00 00
0x000002e76a8ffe10:   00 00 00 00 00 00 00 00 00 00 00 00 00 00 00 00
0x000002e76a8ffe20:   00 00 00 00 00 00 00 00 00 00 00 00 00 00 00 00
0x000002e76a8ffe30:   00 00 00 00 00 00 00 00 00 00 00 00 00 00 00 00
0x000002e76a8ffe40:   00 00 00 00 00 00 00 00 00 00 00 00 00 00 00 00
0x000002e76a8ffe50:   00 00 00 00 00 00 00 00 00 00 00 00 00 00 00 00
0x000002e76a8ffe60:   00 00 00 00 00 00 00 00 00 00 00 00 00 00 00 00
0x000002e76a8ffe70:   00 00 00 00 00 00 00 00 00 00 00 00 00 00 00 00
0x000002e76a8ffe80:   00 00 00 00 00 00 00 00 00 00 00 00 00 00 00 00
0x000002e76a8ffe90:   00 00 00 00 00 00 00 00 00 00 00 00 00 00 00 00
0x000002e76a8ffea0:   00 00 00 00 00 00 00 00 00 00 00 00 00 00 00 00
0x000002e76a8ffeb0:   00 00 00 00 00 00 00 00 80 ff ff ff 80 fe 00 00
0x000002e76a8ffec0:   48 83 ec 28 48 89 6c 24 20 48 89 5c 24 18 48 89
0x000002e76a8ffed0:   74 24 10 48 89 7c 24 08 48 8b d9 48 8b c2 49 8b
0x000002e76a8ffee0:   c8 49 8b d1 48 be f0 8d 6a 6a e7 02 00 00 48 8b
0x000002e76a8ffef0:   36 48 8b b6 08 03 00 00 48 8d 3c 49 48 8d 34 be
0x000002e76a8fff00:   8b 3e 8b 6e 04 89 38 89 68 04 8b 7e 08 89 78 08
0x000002e76a8fff10:   48 83 c0 0c ff c1 ff ca 75 ca 48 8b 7c 24 08 48
0x000002e76a8fff20:   8b 74 24 10 48 8b 5c 24 18 48 8b 6c 24 20 48 83
0x000002e76a8fff30:   c4 28 c3 00 00 00 00 00 c0 ff ff ff 80 00 00 00
0x000002e76a8fff40:   48 b8 a0 93 6e 6a e7 02 00 00 48 8b 00 49 ba e8
0x000002e76a8fff50:   d8 69 6a e7 02 00 00 48 83 ec 28 48 83 c4 28 c3
0x000002e76a8fff60:   00 00 00 00 00 00 00 00 00 00 00 00 00 00 00 00
0x000002e76a8fff70:   00 00 00 00 00 00 00 00 c0 ff ff ff 40 00 00 00
0x000002e76a8fff80:   48 b8 a0 93 99 6a e7 02 00 00 48 8b 00 49 ba e8
0x000002e76a8fff90:   d8 94 6a e7 02 00 00 48 83 ec 28 48 83 c4 28 c3
0x000002e76a8fffa0:   00 00 00 00 00 00 00 00 00 00 00 00 00 00 00 00
0x000002e76a8fffb0:   00 00 00 00 00 00 00 00 40 00 00 00 40 00 00 00
0x000002e76a8fffc0:   48 b8 a0 93 5d 6a e7 02 00 00 48 8b 00 49 ba e8
0x000002e76a8fffd0:   d8 58 6a e7 02 00 00 48 83 ec 28 48 83 c4 28 c3
0x000002e76a8fffe0:   00 00 00 00 00 00 00 00 00 00 00 00 00 00 00 00
0x000002e76a8ffff0:   00 00 00 00 00 00 00 00 00 00 00 00 40 00 00 00 


Stack slot to memory mapping:
stack at sp + 0 slots: 0x000002e769aadd00 points into unknown readable memory: 0x0000000000000003 | 03 00 00 00 00 00 00 00
stack at sp + 1 slots: 0x0 is NULL
stack at sp + 2 slots: 0x0000000000000003 is an unknown value
stack at sp + 3 slots: 0x000002e76a650000 points into unknown readable memory: 0x000002e769591d70 | 70 1d 59 69 e7 02 00 00
stack at sp + 4 slots: 0x000002e769b75410 points into unknown readable memory: 0x0000000001000000 | 00 00 00 01 00 00 00 00
stack at sp + 5 slots: 0x00007ffb5c1f552c nvoglv64.dll
stack at sp + 6 slots: 0x000002e76a650000 points into unknown readable memory: 0x000002e769591d70 | 70 1d 59 69 e7 02 00 00
stack at sp + 7 slots: 0x000002e769b75410 points into unknown readable memory: 0x0000000001000000 | 00 00 00 01 00 00 00 00


---------------  P R O C E S S  ---------------

Threads class SMR info:
_java_thread_list=0x000002e7690e4c60, length=19, elements={
0x000002e73984b300, 0x000002e75ca12100, 0x000002e75ca13040, 0x000002e75ca199a0,
0x000002e75ca1a550, 0x000002e75ca1ae80, 0x000002e75ca1d7c0, 0x000002e75ca1e840,
0x000002e76140d5a0, 0x000002e76140db20, 0x000002e75c9e5e60, 0x000002e75c9e63a0,
0x000002e7614c4460, 0x000002e761860520, 0x000002e761867de0, 0x000002e761ac9f60,
0x000002e761ad0120, 0x000002e761b46b20, 0x000002e761b47b10
}

Java Threads: ( => current thread )
  0x000002e73984b300 JavaThread "main" [_thread_blocked, id=14268, stack(0x000000ecf6700000,0x000000ecf6800000)]
  0x000002e75ca12100 JavaThread "Reference Handler" daemon [_thread_blocked, id=12328, stack(0x000000ecf6e00000,0x000000ecf6f00000)]
  0x000002e75ca13040 JavaThread "Finalizer" daemon [_thread_blocked, id=17364, stack(0x000000ecf6f00000,0x000000ecf7000000)]
  0x000002e75ca199a0 JavaThread "Signal Dispatcher" daemon [_thread_blocked, id=12796, stack(0x000000ecf7000000,0x000000ecf7100000)]
  0x000002e75ca1a550 JavaThread "Attach Listener" daemon [_thread_blocked, id=17748, stack(0x000000ecf7100000,0x000000ecf7200000)]
  0x000002e75ca1ae80 JavaThread "Service Thread" daemon [_thread_blocked, id=6224, stack(0x000000ecf7200000,0x000000ecf7300000)]
  0x000002e75ca1d7c0 JavaThread "Monitor Deflation Thread" daemon [_thread_blocked, id=18656, stack(0x000000ecf7300000,0x000000ecf7400000)]
  0x000002e75ca1e840 JavaThread "C2 CompilerThread0" daemon [_thread_blocked, id=8252, stack(0x000000ecf7400000,0x000000ecf7500000)]
  0x000002e76140d5a0 JavaThread "C1 CompilerThread0" daemon [_thread_blocked, id=22496, stack(0x000000ecf7500000,0x000000ecf7600000)]
  0x000002e76140db20 JavaThread "Sweeper thread" daemon [_thread_blocked, id=19232, stack(0x000000ecf7600000,0x000000ecf7700000)]
  0x000002e75c9e5e60 JavaThread "Common-Cleaner" daemon [_thread_blocked, id=19992, stack(0x000000ecf7700000,0x000000ecf7800000)]
  0x000002e75c9e63a0 JavaThread "C1 CompilerThread1" daemon [_thread_blocked, id=6352, stack(0x000000ecf7800000,0x000000ecf7900000)]
  0x000002e7614c4460 JavaThread "C1 CompilerThread2" daemon [_thread_blocked, id=5876, stack(0x000000ecf7900000,0x000000ecf7a00000)]
  0x000002e761860520 JavaThread "Monitor Ctrl-Break" daemon [_thread_in_native, id=14440, stack(0x000000ecf7a00000,0x000000ecf7b00000)]
  0x000002e761867de0 JavaThread "Notification Thread" daemon [_thread_blocked, id=21560, stack(0x000000ecf7b00000,0x000000ecf7c00000)]
  0x000002e761ac9f60 JavaThread "Java2D Disposer" daemon [_thread_blocked, id=18888, stack(0x000000ecf7e00000,0x000000ecf7f00000)]
  0x000002e761ad0120 JavaThread "AWT-Windows" daemon [_thread_in_native, id=17524, stack(0x000000ecf8000000,0x000000ecf8100000)]
  0x000002e761b46b20 JavaThread "main-SharedResourceRunner" daemon [_thread_blocked, id=6936, stack(0x000000ecf8f00000,0x000000ecf9000000)]
=>0x000002e761b47b10 JavaThread "main-Display-.windows_jogl-1-EDT-1" daemon [_thread_in_native, id=6780, stack(0x000000ecf7f00000,0x000000ecf8000000)]

Other Threads:
  0x000002e75c9f7080 VMThread "VM Thread" [stack: 0x000000ecf6d00000,0x000000ecf6e00000] [id=1616]
  0x000002e7618699e0 WatcherThread "VM Periodic Task Thread" [stack: 0x000000ecf7c00000,0x000000ecf7d00000] [id=1624]
  0x000002e7398b90c0 WorkerThread "GC Thread#0" [stack: 0x000000ecf6800000,0x000000ecf6900000] [id=22184]
  0x000002e761eba410 WorkerThread "GC Thread#1" [stack: 0x000000ecf8e00000,0x000000ecf8f00000] [id=20568]
  0x000002e761ebbd60 WorkerThread "GC Thread#2" [stack: 0x000000ecf9100000,0x000000ecf9200000] [id=21056]
  0x000002e761ebc030 WorkerThread "GC Thread#3" [stack: 0x000000ecf9300000,0x000000ecf9400000] [id=4512]
  0x000002e761ebc5d0 WorkerThread "GC Thread#4" [stack: 0x000000ecf9400000,0x000000ecf9500000] [id=17388]
  0x000002e761eb98d0 WorkerThread "GC Thread#5" [stack: 0x000000ecf9500000,0x000000ecf9600000] [id=20016]
  0x000002e761eb9ba0 WorkerThread "GC Thread#6" [stack: 0x000000ecf9600000,0x000000ecf9700000] [id=18508]
  0x000002e761eb9060 WorkerThread "GC Thread#7" [stack: 0x000000ecf9700000,0x000000ecf9800000] [id=2716]
  0x000002e769b4a850 WorkerThread "GC Thread#8" [stack: 0x000000ecf9800000,0x000000ecf9900000] [id=19188]
  0x000002e769b4a2b0 WorkerThread "GC Thread#9" [stack: 0x000000ecf9900000,0x000000ecf9a00000] [id=2492]
  0x000002e769b4b660 WorkerThread "GC Thread#10" [stack: 0x000000ecf9a00000,0x000000ecf9b00000] [id=6796]
  0x000002e769b4c470 WorkerThread "GC Thread#11" [stack: 0x000000ecf9b00000,0x000000ecf9c00000] [id=8528]
  0x000002e73768df00 ConcurrentGCThread "G1 Main Marker" [stack: 0x000000ecf6900000,0x000000ecf6a00000] [id=19840]
  0x000002e73768e5e0 WorkerThread "G1 Conc#0" [stack: 0x000000ecf6a00000,0x000000ecf6b00000] [id=18556]
  0x000002e75c8b4940 ConcurrentGCThread "G1 Refine#0" [stack: 0x000000ecf6b00000,0x000000ecf6c00000] [id=5972]
  0x000002e75c8b6140 ConcurrentGCThread "G1 Service" [stack: 0x000000ecf6c00000,0x000000ecf6d00000] [id=7452]

Threads with active compile tasks:

VM state: not at safepoint (normal execution)

VM Mutex/Monitor currently owned by a thread: None

Heap address: 0x0000000709400000, size: 3948 MB, Compressed Oops mode: Zero based, Oop shift amount: 3

CDS archive(s) mapped at: [0x0000000800000000-0x0000000800c40000-0x0000000800c40000), size 12845056, SharedBaseAddress: 0x0000000800000000, ArchiveRelocationMode: 0.
Compressed class space mapped at: 0x0000000801000000-0x0000000841000000, reserved size: 1073741824
Narrow klass base: 0x0000000800000000, Narrow klass shift: 0, Narrow klass range: 0x100000000

GC Precious Log:
 CardTable entry size: 512
 Card Set container configuration: InlinePtr #cards 4 size 8 Array Of Cards #cards 16 size 48 Howl #buckets 8 coarsen threshold 3686 Howl Bitmap #cards 512 size 80 coarsen threshold 460 Card regions per heap region 1 cards per card region 4096
 CPUs: 16 total, 16 available
 Memory: 15789M
 Large Page Support: Disabled
 NUMA Support: Disabled
 Compressed Oops: Enabled (Zero based)
 Heap Region Size: 2M
 Heap Min Capacity: 8M
 Heap Initial Capacity: 248M
 Heap Max Capacity: 3948M
 Pre-touch: Disabled
 Parallel Workers: 13
 Concurrent Workers: 3
 Concurrent Refinement Workers: 13
 Periodic GC: Disabled

Heap:
 garbage-first heap   total 253952K, used 16080K [0x0000000709400000, 0x0000000800000000)
  region size 2048K, 9 young (18432K), 2 survivors (4096K)
 Metaspace       used 11072K, committed 11328K, reserved 1114112K
  class space    used 831K, committed 960K, reserved 1048576K

Heap Regions: E=young(eden), S=young(survivor), O=old, HS=humongous(starts), HC=humongous(continues), CS=collection set, F=free, OA=open archive, CA=closed archive, TAMS=top-at-mark-start (previous, next)
|   0|0x0000000709400000, 0x0000000709400000, 0x0000000709600000|  0%| F|  |TAMS 0x0000000709400000, 0x0000000709400000| Untracked 
|   1|0x0000000709600000, 0x0000000709600000, 0x0000000709800000|  0%| F|  |TAMS 0x0000000709600000, 0x0000000709600000| Untracked 
|   2|0x0000000709800000, 0x0000000709800000, 0x0000000709a00000|  0%| F|  |TAMS 0x0000000709800000, 0x0000000709800000| Untracked 
|   3|0x0000000709a00000, 0x0000000709a00000, 0x0000000709c00000|  0%| F|  |TAMS 0x0000000709a00000, 0x0000000709a00000| Untracked 
|   4|0x0000000709c00000, 0x0000000709c00000, 0x0000000709e00000|  0%| F|  |TAMS 0x0000000709c00000, 0x0000000709c00000| Untracked 
|   5|0x0000000709e00000, 0x0000000709e00000, 0x000000070a000000|  0%| F|  |TAMS 0x0000000709e00000, 0x0000000709e00000| Untracked 
|   6|0x000000070a000000, 0x000000070a000000, 0x000000070a200000|  0%| F|  |TAMS 0x000000070a000000, 0x000000070a000000| Untracked 
|   7|0x000000070a200000, 0x000000070a200000, 0x000000070a400000|  0%| F|  |TAMS 0x000000070a200000, 0x000000070a200000| Untracked 
|   8|0x000000070a400000, 0x000000070a400000, 0x000000070a600000|  0%| F|  |TAMS 0x000000070a400000, 0x000000070a400000| Untracked 
|   9|0x000000070a600000, 0x000000070a600000, 0x000000070a800000|  0%| F|  |TAMS 0x000000070a600000, 0x000000070a600000| Untracked 
|  10|0x000000070a800000, 0x000000070a800000, 0x000000070aa00000|  0%| F|  |TAMS 0x000000070a800000, 0x000000070a800000| Untracked 
|  11|0x000000070aa00000, 0x000000070aa00000, 0x000000070ac00000|  0%| F|  |TAMS 0x000000070aa00000, 0x000000070aa00000| Untracked 
|  12|0x000000070ac00000, 0x000000070ac00000, 0x000000070ae00000|  0%| F|  |TAMS 0x000000070ac00000, 0x000000070ac00000| Untracked 
|  13|0x000000070ae00000, 0x000000070ae00000, 0x000000070b000000|  0%| F|  |TAMS 0x000000070ae00000, 0x000000070ae00000| Untracked 
|  14|0x000000070b000000, 0x000000070b000000, 0x000000070b200000|  0%| F|  |TAMS 0x000000070b000000, 0x000000070b000000| Untracked 
|  15|0x000000070b200000, 0x000000070b200000, 0x000000070b400000|  0%| F|  |TAMS 0x000000070b200000, 0x000000070b200000| Untracked 
|  16|0x000000070b400000, 0x000000070b400000, 0x000000070b600000|  0%| F|  |TAMS 0x000000070b400000, 0x000000070b400000| Untracked 
|  17|0x000000070b600000, 0x000000070b600000, 0x000000070b800000|  0%| F|  |TAMS 0x000000070b600000, 0x000000070b600000| Untracked 
|  18|0x000000070b800000, 0x000000070b800000, 0x000000070ba00000|  0%| F|  |TAMS 0x000000070b800000, 0x000000070b800000| Untracked 
|  19|0x000000070ba00000, 0x000000070ba00000, 0x000000070bc00000|  0%| F|  |TAMS 0x000000070ba00000, 0x000000070ba00000| Untracked 
|  20|0x000000070bc00000, 0x000000070bc00000, 0x000000070be00000|  0%| F|  |TAMS 0x000000070bc00000, 0x000000070bc00000| Untracked 
|  21|0x000000070be00000, 0x000000070be00000, 0x000000070c000000|  0%| F|  |TAMS 0x000000070be00000, 0x000000070be00000| Untracked 
|  22|0x000000070c000000, 0x000000070c000000, 0x000000070c200000|  0%| F|  |TAMS 0x000000070c000000, 0x000000070c000000| Untracked 
|  23|0x000000070c200000, 0x000000070c200000, 0x000000070c400000|  0%| F|  |TAMS 0x000000070c200000, 0x000000070c200000| Untracked 
|  24|0x000000070c400000, 0x000000070c400000, 0x000000070c600000|  0%| F|  |TAMS 0x000000070c400000, 0x000000070c400000| Untracked 
|  25|0x000000070c600000, 0x000000070c600000, 0x000000070c800000|  0%| F|  |TAMS 0x000000070c600000, 0x000000070c600000| Untracked 
|  26|0x000000070c800000, 0x000000070c800000, 0x000000070ca00000|  0%| F|  |TAMS 0x000000070c800000, 0x000000070c800000| Untracked 
|  27|0x000000070ca00000, 0x000000070ca00000, 0x000000070cc00000|  0%| F|  |TAMS 0x000000070ca00000, 0x000000070ca00000| Untracked 
|  28|0x000000070cc00000, 0x000000070cc00000, 0x000000070ce00000|  0%| F|  |TAMS 0x000000070cc00000, 0x000000070cc00000| Untracked 
|  29|0x000000070ce00000, 0x000000070ce00000, 0x000000070d000000|  0%| F|  |TAMS 0x000000070ce00000, 0x000000070ce00000| Untracked 
|  30|0x000000070d000000, 0x000000070d000000, 0x000000070d200000|  0%| F|  |TAMS 0x000000070d000000, 0x000000070d000000| Untracked 
|  31|0x000000070d200000, 0x000000070d200000, 0x000000070d400000|  0%| F|  |TAMS 0x000000070d200000, 0x000000070d200000| Untracked 
|  32|0x000000070d400000, 0x000000070d400000, 0x000000070d600000|  0%| F|  |TAMS 0x000000070d400000, 0x000000070d400000| Untracked 
|  33|0x000000070d600000, 0x000000070d600000, 0x000000070d800000|  0%| F|  |TAMS 0x000000070d600000, 0x000000070d600000| Untracked 
|  34|0x000000070d800000, 0x000000070d800000, 0x000000070da00000|  0%| F|  |TAMS 0x000000070d800000, 0x000000070d800000| Untracked 
|  35|0x000000070da00000, 0x000000070da00000, 0x000000070dc00000|  0%| F|  |TAMS 0x000000070da00000, 0x000000070da00000| Untracked 
|  36|0x000000070dc00000, 0x000000070dc00000, 0x000000070de00000|  0%| F|  |TAMS 0x000000070dc00000, 0x000000070dc00000| Untracked 
|  37|0x000000070de00000, 0x000000070de00000, 0x000000070e000000|  0%| F|  |TAMS 0x000000070de00000, 0x000000070de00000| Untracked 
|  38|0x000000070e000000, 0x000000070e000000, 0x000000070e200000|  0%| F|  |TAMS 0x000000070e000000, 0x000000070e000000| Untracked 
|  39|0x000000070e200000, 0x000000070e200000, 0x000000070e400000|  0%| F|  |TAMS 0x000000070e200000, 0x000000070e200000| Untracked 
|  40|0x000000070e400000, 0x000000070e400000, 0x000000070e600000|  0%| F|  |TAMS 0x000000070e400000, 0x000000070e400000| Untracked 
|  41|0x000000070e600000, 0x000000070e600000, 0x000000070e800000|  0%| F|  |TAMS 0x000000070e600000, 0x000000070e600000| Untracked 
|  42|0x000000070e800000, 0x000000070e800000, 0x000000070ea00000|  0%| F|  |TAMS 0x000000070e800000, 0x000000070e800000| Untracked 
|  43|0x000000070ea00000, 0x000000070ea00000, 0x000000070ec00000|  0%| F|  |TAMS 0x000000070ea00000, 0x000000070ea00000| Untracked 
|  44|0x000000070ec00000, 0x000000070ec00000, 0x000000070ee00000|  0%| F|  |TAMS 0x000000070ec00000, 0x000000070ec00000| Untracked 
|  45|0x000000070ee00000, 0x000000070ee00000, 0x000000070f000000|  0%| F|  |TAMS 0x000000070ee00000, 0x000000070ee00000| Untracked 
|  46|0x000000070f000000, 0x000000070f000000, 0x000000070f200000|  0%| F|  |TAMS 0x000000070f000000, 0x000000070f000000| Untracked 
|  47|0x000000070f200000, 0x000000070f200000, 0x000000070f400000|  0%| F|  |TAMS 0x000000070f200000, 0x000000070f200000| Untracked 
|  48|0x000000070f400000, 0x000000070f400000, 0x000000070f600000|  0%| F|  |TAMS 0x000000070f400000, 0x000000070f400000| Untracked 
|  49|0x000000070f600000, 0x000000070f600000, 0x000000070f800000|  0%| F|  |TAMS 0x000000070f600000, 0x000000070f600000| Untracked 
|  50|0x000000070f800000, 0x000000070f800000, 0x000000070fa00000|  0%| F|  |TAMS 0x000000070f800000, 0x000000070f800000| Untracked 
|  51|0x000000070fa00000, 0x000000070fa00000, 0x000000070fc00000|  0%| F|  |TAMS 0x000000070fa00000, 0x000000070fa00000| Untracked 
|  52|0x000000070fc00000, 0x000000070fc00000, 0x000000070fe00000|  0%| F|  |TAMS 0x000000070fc00000, 0x000000070fc00000| Untracked 
|  53|0x000000070fe00000, 0x000000070fe00000, 0x0000000710000000|  0%| F|  |TAMS 0x000000070fe00000, 0x000000070fe00000| Untracked 
|  54|0x0000000710000000, 0x0000000710000000, 0x0000000710200000|  0%| F|  |TAMS 0x0000000710000000, 0x0000000710000000| Untracked 
|  55|0x0000000710200000, 0x0000000710200000, 0x0000000710400000|  0%| F|  |TAMS 0x0000000710200000, 0x0000000710200000| Untracked 
|  56|0x0000000710400000, 0x0000000710400000, 0x0000000710600000|  0%| F|  |TAMS 0x0000000710400000, 0x0000000710400000| Untracked 
|  57|0x0000000710600000, 0x0000000710600000, 0x0000000710800000|  0%| F|  |TAMS 0x0000000710600000, 0x0000000710600000| Untracked 
|  58|0x0000000710800000, 0x0000000710800000, 0x0000000710a00000|  0%| F|  |TAMS 0x0000000710800000, 0x0000000710800000| Untracked 
|  59|0x0000000710a00000, 0x0000000710a00000, 0x0000000710c00000|  0%| F|  |TAMS 0x0000000710a00000, 0x0000000710a00000| Untracked 
|  60|0x0000000710c00000, 0x0000000710c00000, 0x0000000710e00000|  0%| F|  |TAMS 0x0000000710c00000, 0x0000000710c00000| Untracked 
|  61|0x0000000710e00000, 0x0000000710e00000, 0x0000000711000000|  0%| F|  |TAMS 0x0000000710e00000, 0x0000000710e00000| Untracked 
|  62|0x0000000711000000, 0x0000000711000000, 0x0000000711200000|  0%| F|  |TAMS 0x0000000711000000, 0x0000000711000000| Untracked 
|  63|0x0000000711200000, 0x0000000711200000, 0x0000000711400000|  0%| F|  |TAMS 0x0000000711200000, 0x0000000711200000| Untracked 
|  64|0x0000000711400000, 0x0000000711400000, 0x0000000711600000|  0%| F|  |TAMS 0x0000000711400000, 0x0000000711400000| Untracked 
|  65|0x0000000711600000, 0x0000000711600000, 0x0000000711800000|  0%| F|  |TAMS 0x0000000711600000, 0x0000000711600000| Untracked 
|  66|0x0000000711800000, 0x0000000711800000, 0x0000000711a00000|  0%| F|  |TAMS 0x0000000711800000, 0x0000000711800000| Untracked 
|  67|0x0000000711a00000, 0x0000000711a00000, 0x0000000711c00000|  0%| F|  |TAMS 0x0000000711a00000, 0x0000000711a00000| Untracked 
|  68|0x0000000711c00000, 0x0000000711c00000, 0x0000000711e00000|  0%| F|  |TAMS 0x0000000711c00000, 0x0000000711c00000| Untracked 
|  69|0x0000000711e00000, 0x0000000711e00000, 0x0000000712000000|  0%| F|  |TAMS 0x0000000711e00000, 0x0000000711e00000| Untracked 
|  70|0x0000000712000000, 0x0000000712000000, 0x0000000712200000|  0%| F|  |TAMS 0x0000000712000000, 0x0000000712000000| Untracked 
|  71|0x0000000712200000, 0x0000000712200000, 0x0000000712400000|  0%| F|  |TAMS 0x0000000712200000, 0x0000000712200000| Untracked 
|  72|0x0000000712400000, 0x0000000712400000, 0x0000000712600000|  0%| F|  |TAMS 0x0000000712400000, 0x0000000712400000| Untracked 
|  73|0x0000000712600000, 0x0000000712600000, 0x0000000712800000|  0%| F|  |TAMS 0x0000000712600000, 0x0000000712600000| Untracked 
|  74|0x0000000712800000, 0x0000000712800000, 0x0000000712a00000|  0%| F|  |TAMS 0x0000000712800000, 0x0000000712800000| Untracked 
|  75|0x0000000712a00000, 0x0000000712a00000, 0x0000000712c00000|  0%| F|  |TAMS 0x0000000712a00000, 0x0000000712a00000| Untracked 
|  76|0x0000000712c00000, 0x0000000712c00000, 0x0000000712e00000|  0%| F|  |TAMS 0x0000000712c00000, 0x0000000712c00000| Untracked 
|  77|0x0000000712e00000, 0x0000000712e00000, 0x0000000713000000|  0%| F|  |TAMS 0x0000000712e00000, 0x0000000712e00000| Untracked 
|  78|0x0000000713000000, 0x0000000713000000, 0x0000000713200000|  0%| F|  |TAMS 0x0000000713000000, 0x0000000713000000| Untracked 
|  79|0x0000000713200000, 0x0000000713200000, 0x0000000713400000|  0%| F|  |TAMS 0x0000000713200000, 0x0000000713200000| Untracked 
|  80|0x0000000713400000, 0x0000000713400000, 0x0000000713600000|  0%| F|  |TAMS 0x0000000713400000, 0x0000000713400000| Untracked 
|  81|0x0000000713600000, 0x0000000713600000, 0x0000000713800000|  0%| F|  |TAMS 0x0000000713600000, 0x0000000713600000| Untracked 
|  82|0x0000000713800000, 0x0000000713800000, 0x0000000713a00000|  0%| F|  |TAMS 0x0000000713800000, 0x0000000713800000| Untracked 
|  83|0x0000000713a00000, 0x0000000713a00000, 0x0000000713c00000|  0%| F|  |TAMS 0x0000000713a00000, 0x0000000713a00000| Untracked 
|  84|0x0000000713c00000, 0x0000000713c00000, 0x0000000713e00000|  0%| F|  |TAMS 0x0000000713c00000, 0x0000000713c00000| Untracked 
|  85|0x0000000713e00000, 0x0000000713e00000, 0x0000000714000000|  0%| F|  |TAMS 0x0000000713e00000, 0x0000000713e00000| Untracked 
|  86|0x0000000714000000, 0x0000000714000000, 0x0000000714200000|  0%| F|  |TAMS 0x0000000714000000, 0x0000000714000000| Untracked 
|  87|0x0000000714200000, 0x0000000714200000, 0x0000000714400000|  0%| F|  |TAMS 0x0000000714200000, 0x0000000714200000| Untracked 
|  88|0x0000000714400000, 0x0000000714400000, 0x0000000714600000|  0%| F|  |TAMS 0x0000000714400000, 0x0000000714400000| Untracked 
|  89|0x0000000714600000, 0x0000000714600000, 0x0000000714800000|  0%| F|  |TAMS 0x0000000714600000, 0x0000000714600000| Untracked 
|  90|0x0000000714800000, 0x0000000714800000, 0x0000000714a00000|  0%| F|  |TAMS 0x0000000714800000, 0x0000000714800000| Untracked 
|  91|0x0000000714a00000, 0x0000000714a00000, 0x0000000714c00000|  0%| F|  |TAMS 0x0000000714a00000, 0x0000000714a00000| Untracked 
|  92|0x0000000714c00000, 0x0000000714c00000, 0x0000000714e00000|  0%| F|  |TAMS 0x0000000714c00000, 0x0000000714c00000| Untracked 
|  93|0x0000000714e00000, 0x0000000714e00000, 0x0000000715000000|  0%| F|  |TAMS 0x0000000714e00000, 0x0000000714e00000| Untracked 
|  94|0x0000000715000000, 0x0000000715000000, 0x0000000715200000|  0%| F|  |TAMS 0x0000000715000000, 0x0000000715000000| Untracked 
|  95|0x0000000715200000, 0x0000000715200000, 0x0000000715400000|  0%| F|  |TAMS 0x0000000715200000, 0x0000000715200000| Untracked 
|  96|0x0000000715400000, 0x0000000715400000, 0x0000000715600000|  0%| F|  |TAMS 0x0000000715400000, 0x0000000715400000| Untracked 
|  97|0x0000000715600000, 0x0000000715600000, 0x0000000715800000|  0%| F|  |TAMS 0x0000000715600000, 0x0000000715600000| Untracked 
|  98|0x0000000715800000, 0x0000000715800000, 0x0000000715a00000|  0%| F|  |TAMS 0x0000000715800000, 0x0000000715800000| Untracked 
|  99|0x0000000715a00000, 0x0000000715a00000, 0x0000000715c00000|  0%| F|  |TAMS 0x0000000715a00000, 0x0000000715a00000| Untracked 
| 100|0x0000000715c00000, 0x0000000715c00000, 0x0000000715e00000|  0%| F|  |TAMS 0x0000000715c00000, 0x0000000715c00000| Untracked 
| 101|0x0000000715e00000, 0x0000000715e00000, 0x0000000716000000|  0%| F|  |TAMS 0x0000000715e00000, 0x0000000715e00000| Untracked 
| 102|0x0000000716000000, 0x0000000716000000, 0x0000000716200000|  0%| F|  |TAMS 0x0000000716000000, 0x0000000716000000| Untracked 
| 103|0x0000000716200000, 0x0000000716200000, 0x0000000716400000|  0%| F|  |TAMS 0x0000000716200000, 0x0000000716200000| Untracked 
| 104|0x0000000716400000, 0x0000000716400000, 0x0000000716600000|  0%| F|  |TAMS 0x0000000716400000, 0x0000000716400000| Untracked 
| 105|0x0000000716600000, 0x0000000716600000, 0x0000000716800000|  0%| F|  |TAMS 0x0000000716600000, 0x0000000716600000| Untracked 
| 106|0x0000000716800000, 0x0000000716800000, 0x0000000716a00000|  0%| F|  |TAMS 0x0000000716800000, 0x0000000716800000| Untracked 
| 107|0x0000000716a00000, 0x0000000716a00000, 0x0000000716c00000|  0%| F|  |TAMS 0x0000000716a00000, 0x0000000716a00000| Untracked 
| 108|0x0000000716c00000, 0x0000000716c00000, 0x0000000716e00000|  0%| F|  |TAMS 0x0000000716c00000, 0x0000000716c00000| Untracked 
| 109|0x0000000716e00000, 0x0000000716e00000, 0x0000000717000000|  0%| F|  |TAMS 0x0000000716e00000, 0x0000000716e00000| Untracked 
| 110|0x0000000717000000, 0x0000000717000000, 0x0000000717200000|  0%| F|  |TAMS 0x0000000717000000, 0x0000000717000000| Untracked 
| 111|0x0000000717200000, 0x00000007173b4280, 0x0000000717400000| 85%| S|CS|TAMS 0x0000000717200000, 0x0000000717200000| Complete 
| 112|0x0000000717400000, 0x0000000717600000, 0x0000000717600000|100%| S|CS|TAMS 0x0000000717400000, 0x0000000717400000| Complete 
| 113|0x0000000717600000, 0x0000000717600000, 0x0000000717800000|  0%| F|  |TAMS 0x0000000717600000, 0x0000000717600000| Untracked 
| 114|0x0000000717800000, 0x0000000717800000, 0x0000000717a00000|  0%| F|  |TAMS 0x0000000717800000, 0x0000000717800000| Untracked 
| 115|0x0000000717a00000, 0x0000000717a00000, 0x0000000717c00000|  0%| F|  |TAMS 0x0000000717a00000, 0x0000000717a00000| Untracked 
| 116|0x0000000717c00000, 0x0000000717c00000, 0x0000000717e00000|  0%| F|  |TAMS 0x0000000717c00000, 0x0000000717c00000| Untracked 
| 117|0x0000000717e00000, 0x0000000717f63aa8, 0x0000000718000000| 69%| E|  |TAMS 0x0000000717e00000, 0x0000000717e00000| Complete 
| 118|0x0000000718000000, 0x0000000718200000, 0x0000000718200000|100%| E|CS|TAMS 0x0000000718000000, 0x0000000718000000| Complete 
| 119|0x0000000718200000, 0x0000000718400000, 0x0000000718400000|100%| E|CS|TAMS 0x0000000718200000, 0x0000000718200000| Complete 
| 120|0x0000000718400000, 0x0000000718600000, 0x0000000718600000|100%| E|CS|TAMS 0x0000000718400000, 0x0000000718400000| Complete 
| 121|0x0000000718600000, 0x0000000718800000, 0x0000000718800000|100%| E|CS|TAMS 0x0000000718600000, 0x0000000718600000| Complete 
| 122|0x0000000718800000, 0x0000000718a00000, 0x0000000718a00000|100%| E|CS|TAMS 0x0000000718800000, 0x0000000718800000| Complete 
| 123|0x0000000718a00000, 0x0000000718c00000, 0x0000000718c00000|100%| E|CS|TAMS 0x0000000718a00000, 0x0000000718a00000| Complete 

Card table byte_map: [0x000002e7517e0000,0x000002e751fa0000] _byte_map_base: 0x000002e74df96000

Marking Bits (Prev, Next): (CMBitMap*) 0x000002e7398b9600, (CMBitMap*) 0x000002e7398b9640
 Prev Bits: [0x000002e752760000, 0x000002e756510000)
 Next Bits: [0x000002e756510000, 0x000002e75a2c0000)

Polling page: 0x000002e7377e0000

Metaspace:

Usage:
  Non-class:     10.00 MB used.
      Class:    831.02 KB used.
       Both:     10.81 MB used.

Virtual space:
  Non-class space:       64.00 MB reserved,      10.12 MB ( 16%) committed,  1 nodes.
      Class space:        1.00 GB reserved,     960.00 KB ( <1%) committed,  1 nodes.
             Both:        1.06 GB reserved,      11.06 MB (  1%) committed. 

Chunk freelists:
   Non-Class:  1.67 MB
       Class:  2.95 MB
        Both:  4.62 MB

MaxMetaspaceSize: unlimited
CompressedClassSpaceSize: 1.00 GB
Initial GC threshold: 21.00 MB
Current GC threshold: 21.00 MB
CDS: on
MetaspaceReclaimPolicy: balanced
 - commit_granule_bytes: 65536.
 - commit_granule_words: 8192.
 - virtual_space_node_default_size: 8388608.
 - enlarge_chunks_in_place: 1.
 - new_chunks_are_fully_committed: 0.
 - uncommit_free_chunks: 1.
 - use_allocation_guard: 0.


Internal statistics:

num_allocs_failed_limit: 0.
num_arena_births: 150.
num_arena_deaths: 0.
num_vsnodes_births: 2.
num_vsnodes_deaths: 0.
num_space_committed: 173.
num_space_uncommitted: 0.
num_chunks_returned_to_freelist: 0.
num_chunks_taken_from_freelist: 358.
num_chunk_merges: 0.
num_chunk_splits: 264.
num_chunks_enlarged: 207.
num_inconsistent_stats: 0.

CodeHeap 'non-profiled nmethods': size=119168Kb used=548Kb max_used=548Kb free=118619Kb
 bounds [0x000002e749340000, 0x000002e7495b0000, 0x000002e7507a0000]
CodeHeap 'profiled nmethods': size=119104Kb used=2403Kb max_used=2403Kb free=116700Kb
 bounds [0x000002e7417a0000, 0x000002e741a10000, 0x000002e748bf0000]
CodeHeap 'non-nmethods': size=7488Kb used=2700Kb max_used=2721Kb free=4787Kb
 bounds [0x000002e748bf0000, 0x000002e748ea0000, 0x000002e749340000]
 total_blobs=2271 nmethods=1388 adapters=792
 compilation: enabled
              stopped_count=0, restarted_count=0
 full_count=0

Compilation events (20 events):
Event: 2.195 Thread 0x000002e76140d5a0 nmethod 1375 0x000002e7419f5690 code [0x000002e7419f58c0, 0x000002e7419f5e48]
Event: 2.195 Thread 0x000002e75c9e63a0 nmethod 1379 0x000002e7419f5f90 code [0x000002e7419f6140, 0x000002e7419f63d8]
Event: 2.342 Thread 0x000002e76140d5a0 1380       3       java.util.regex.ASCII::isDigit (18 bytes)
Event: 2.342 Thread 0x000002e76140d5a0 nmethod 1380 0x000002e7419f6510 code [0x000002e7419f66a0, 0x000002e7419f67f8]
Event: 2.348 Thread 0x000002e76140d5a0 1381       3       java.lang.ThreadLocal::get (47 bytes)
Event: 2.348 Thread 0x000002e76140d5a0 nmethod 1381 0x000002e7419f6890 code [0x000002e7419f6a80, 0x000002e7419f6ec8]
Event: 2.349 Thread 0x000002e75ca1e840 1382       4       java.nio.DirectIntBufferU::ix (10 bytes)
Event: 2.349 Thread 0x000002e75ca1e840 nmethod 1382 0x000002e7493c8f10 code [0x000002e7493c9080, 0x000002e7493c90f8]
Event: 2.352 Thread 0x000002e75c9e63a0 1383       3       java.util.concurrent.ConcurrentHashMap::sumCount (60 bytes)
Event: 2.353 Thread 0x000002e75c9e63a0 nmethod 1383 0x000002e7419f7090 code [0x000002e7419f7240, 0x000002e7419f74b8]
Event: 2.354 Thread 0x000002e76140d5a0 1385       3       java.util.concurrent.ConcurrentHashMap$Traverser::<init> (36 bytes)
Event: 2.354 Thread 0x000002e75c9e63a0 1384       3       java.util.concurrent.ConcurrentHashMap$BaseIterator::<init> (21 bytes)
Event: 2.354 Thread 0x000002e76140d5a0 nmethod 1385 0x000002e7419f7610 code [0x000002e7419f77c0, 0x000002e7419f79d8]
Event: 2.354 Thread 0x000002e7614c4460 1386       3       java.util.concurrent.ConcurrentHashMap::values (25 bytes)
Event: 2.354 Thread 0x000002e76140d5a0 1387       3       java.util.concurrent.ConcurrentHashMap$ValuesView::iterator (34 bytes)
Event: 2.354 Thread 0x000002e75c9e63a0 nmethod 1384 0x000002e7419f7a90 code [0x000002e7419f7c40, 0x000002e7419f7e18]
Event: 2.354 Thread 0x000002e75c9e63a0 1388       3       java.util.concurrent.ConcurrentHashMap$ValueIterator::<init> (12 bytes)
Event: 2.354 Thread 0x000002e75c9e63a0 nmethod 1388 0x000002e7419f7f10 code [0x000002e7419f80c0, 0x000002e7419f8208]
Event: 2.354 Thread 0x000002e7614c4460 nmethod 1386 0x000002e7419f8310 code [0x000002e7419f84e0, 0x000002e7419f8898]
Event: 2.354 Thread 0x000002e76140d5a0 nmethod 1387 0x000002e7419f8990 code [0x000002e7419f8b40, 0x000002e7419f8d88]

GC Heap History (2 events):
Event: 1.658 GC heap before
{Heap before GC invocations=0 (full 0):
 garbage-first heap   total 253952K, used 20480K [0x0000000709400000, 0x0000000800000000)
  region size 2048K, 11 young (22528K), 0 survivors (0K)
 Metaspace       used 9817K, committed 9984K, reserved 1114112K
  class space    used 707K, committed 768K, reserved 1048576K
}
Event: 1.673 GC heap after
{Heap after GC invocations=1 (full 0):
 garbage-first heap   total 253952K, used 3792K [0x0000000709400000, 0x0000000800000000)
  region size 2048K, 2 young (4096K), 2 survivors (4096K)
 Metaspace       used 9817K, committed 9984K, reserved 1114112K
  class space    used 707K, committed 768K, reserved 1048576K
}

Dll operation events (18 events):
Event: 0.007 Loaded shared library D:\SOFTWARE\JDK19\bin\java.dll
Event: 0.014 Loaded shared library D:\SOFTWARE\JDK19\bin\jsvml.dll
Event: 0.094 Loaded shared library D:\SOFTWARE\JDK19\bin\zip.dll
Event: 0.097 Loaded shared library D:\SOFTWARE\JDK19\bin\instrument.dll
Event: 0.102 Loaded shared library D:\SOFTWARE\JDK19\bin\net.dll
Event: 0.103 Loaded shared library D:\SOFTWARE\JDK19\bin\nio.dll
Event: 0.105 Loaded shared library D:\SOFTWARE\JDK19\bin\zip.dll
Event: 0.150 Loaded shared library D:\SOFTWARE\INTELLIJ\IntelliJ IDEA Community Edition 2022.2.3\bin\breakgen64.dll
Event: 0.158 Loaded shared library D:\SOFTWARE\JDK19\bin\extnet.dll
Event: 0.204 Loaded shared library D:\SOFTWARE\JDK19\bin\jimage.dll
Event: 0.400 Loaded shared library C:\Users\teenc\AppData\Local\Temp\jogamp_0000\file_cache\jln15567556876956391981\jln16011520431473724487\natives\windows-amd64\gluegen-rt.dll
Event: 0.446 Loaded shared library D:\SOFTWARE\JDK19\bin\awt.dll
Event: 0.501 Loaded shared library D:\SOFTWARE\JDK19\bin\jawt.dll
Event: 0.519 Loaded shared library C:\Users\teenc\AppData\Local\Temp\jogamp_0000\file_cache\jln15567556876956391981\jln16011520431473724487\natives\windows-amd64\nativewindow_awt.dll
Event: 0.973 Loaded shared library C:\Users\teenc\AppData\Local\Temp\jogamp_0000\file_cache\jln15567556876956391981\jln16011520431473724487\natives\windows-amd64\nativewindow_win32.dll
Event: 1.127 Loaded shared library C:\Users\teenc\AppData\Local\Temp\jogamp_0000\file_cache\jln15567556876956391981\jln16011520431473724487\natives\windows-amd64\jogl_desktop.dll
Event: 1.255 Loaded shared library C:\Users\teenc\AppData\Local\Temp\jogamp_0000\file_cache\jln15567556876956391981\jln16011520431473724487\natives\windows-amd64\jogl_mobile.dll
Event: 2.137 Loaded shared library C:\Users\teenc\AppData\Local\Temp\jogamp_0000\file_cache\jln15567556876956391981\jln16011520431473724487\natives\windows-amd64\newt.dll

Deoptimization events (20 events):
Event: 2.096 Thread 0x000002e761b46b20 DEOPT PACKING pc=0x000002e7493a8c78 sp=0x000000ecf8ffee80
Event: 2.096 Thread 0x000002e761b46b20 DEOPT UNPACKING pc=0x000002e748c56da3 sp=0x000000ecf8ffedb8 mode 2
Event: 2.110 Thread 0x000002e761b46b20 DEOPT PACKING pc=0x000002e7419d455c sp=0x000000ecf8ffef20
Event: 2.110 Thread 0x000002e761b46b20 DEOPT UNPACKING pc=0x000002e748c57543 sp=0x000000ecf8ffe3c8 mode 0
Event: 2.113 Thread 0x000002e73984b300 Uncommon trap: trap_request=0xffffffc6 fr.pc=0x000002e749387bcc relative=0x000000000000082c
Event: 2.113 Thread 0x000002e73984b300 Uncommon trap: reason=bimorphic_or_optimized_type_check action=maybe_recompile pc=0x000002e749387bcc method=java.util.regex.Pattern$Start.match(Ljava/util/regex/Matcher;ILjava/lang/CharSequence;)Z @ 44 c2
Event: 2.113 Thread 0x000002e73984b300 DEOPT PACKING pc=0x000002e749387bcc sp=0x000000ecf67fe640
Event: 2.113 Thread 0x000002e73984b300 DEOPT UNPACKING pc=0x000002e748c56da3 sp=0x000000ecf67fe580 mode 2
Event: 2.113 Thread 0x000002e73984b300 Uncommon trap: trap_request=0xffffffc6 fr.pc=0x000002e749387bcc relative=0x000000000000082c
Event: 2.113 Thread 0x000002e73984b300 Uncommon trap: reason=bimorphic_or_optimized_type_check action=maybe_recompile pc=0x000002e749387bcc method=java.util.regex.Pattern$Start.match(Ljava/util/regex/Matcher;ILjava/lang/CharSequence;)Z @ 44 c2
Event: 2.113 Thread 0x000002e73984b300 DEOPT PACKING pc=0x000002e749387bcc sp=0x000000ecf67fe640
Event: 2.113 Thread 0x000002e73984b300 DEOPT UNPACKING pc=0x000002e748c56da3 sp=0x000000ecf67fe580 mode 2
Event: 2.146 Thread 0x000002e73984b300 Uncommon trap: trap_request=0xffffff45 fr.pc=0x000002e7493a2b40 relative=0x0000000000000040
Event: 2.146 Thread 0x000002e73984b300 Uncommon trap: reason=unstable_if action=reinterpret pc=0x000002e7493a2b40 method=java.util.Arrays.equals([B[B)Z @ 2 c2
Event: 2.146 Thread 0x000002e73984b300 DEOPT PACKING pc=0x000002e7493a2b40 sp=0x000000ecf67fe690
Event: 2.146 Thread 0x000002e73984b300 DEOPT UNPACKING pc=0x000002e748c56da3 sp=0x000000ecf67fe630 mode 2
Event: 2.174 Thread 0x000002e73984b300 Uncommon trap: trap_request=0xffffff45 fr.pc=0x000002e7493b2ea4 relative=0x0000000000000084
Event: 2.174 Thread 0x000002e73984b300 Uncommon trap: reason=unstable_if action=reinterpret pc=0x000002e7493b2ea4 method=java.lang.reflect.AccessibleObject.checkCanSetAccessible(Ljava/lang/Class;Ljava/lang/Class;Z)Z @ 62 c2
Event: 2.174 Thread 0x000002e73984b300 DEOPT PACKING pc=0x000002e7493b2ea4 sp=0x000000ecf67ff0a0
Event: 2.174 Thread 0x000002e73984b300 DEOPT UNPACKING pc=0x000002e748c56da3 sp=0x000000ecf67ff010 mode 2

Classes loaded (20 events):
Event: 1.673 Loading class java/util/concurrent/locks/AbstractQueuedSynchronizer$ExclusiveNode
Event: 1.673 Loading class java/util/concurrent/locks/AbstractQueuedSynchronizer$ExclusiveNode done
Event: 1.779 Loading class sun/awt/AppContext$PostShutdownEventRunnable
Event: 1.779 Loading class sun/awt/AppContext$PostShutdownEventRunnable done
Event: 1.779 Loading class sun/awt/AWTAutoShutdown$1
Event: 1.779 Loading class sun/awt/AWTAutoShutdown$1 done
Event: 2.147 Loading class java/util/zip/DeflaterOutputStream
Event: 2.147 Loading class java/util/zip/DeflaterOutputStream done
Event: 2.227 Loading class java/nio/DirectFloatBufferU
Event: 2.228 Loading class java/nio/DirectFloatBufferU done
Event: 2.347 Loading class java/io/StringReader
Event: 2.347 Loading class java/io/StringReader done
Event: 2.349 Loading class sun/net/ProgressMonitor
Event: 2.349 Loading class sun/net/ProgressMonitor done
Event: 2.349 Loading class sun/net/DefaultProgressMeteringPolicy
Event: 2.349 Loading class sun/net/ProgressMeteringPolicy
Event: 2.349 Loading class sun/net/ProgressMeteringPolicy done
Event: 2.349 Loading class sun/net/DefaultProgressMeteringPolicy done
Event: 2.353 Loading class java/nio/HeapIntBuffer
Event: 2.353 Loading class java/nio/HeapIntBuffer done

Classes unloaded (0 events):
No events

Classes redefined (0 events):
No events

Internal exceptions (20 events):
Event: 0.190 Thread 0x000002e73984b300 Exception <a 'java/lang/NoSuchMethodError'{0x0000000718754f48}: 'java.lang.Object java.lang.invoke.DirectMethodHandle$Holder.invokeInterface(java.lang.Object, java.lang.Object)'> (0x0000000718754f48) 
thrown [s\open\src\hotspot\share\interpreter\linkResolver.cpp, line 774]
Event: 0.190 Thread 0x000002e73984b300 Exception <a 'java/lang/IncompatibleClassChangeError'{0x0000000718758748}: Found class java.lang.Object, but interface was expected> (0x0000000718758748) 
thrown [s\open\src\hotspot\share\interpreter\linkResolver.cpp, line 841]
Event: 0.229 Thread 0x000002e73984b300 Exception <a 'java/lang/NoSuchMethodError'{0x000000071842f6e0}: 'java.lang.Object java.lang.invoke.DirectMethodHandle$Holder.invokeStaticInit(java.lang.Object, int, int, int, int)'> (0x000000071842f6e0) 
thrown [s\open\src\hotspot\share\interpreter\linkResolver.cpp, line 774]
Event: 0.277 Thread 0x000002e73984b300 Exception <a 'java/lang/NoSuchMethodError'{0x00000007184f6da8}: 'java.lang.Object java.lang.invoke.DirectMethodHandle$Holder.invokeStaticInit(java.lang.Object, java.lang.Object, int, int, int, int)'> (0x00000007184f6da8) 
thrown [s\open\src\hotspot\share\interpreter\linkResolver.cpp, line 774]
Event: 0.315 Thread 0x000002e73984b300 Exception <a 'java/lang/NoSuchMethodError'{0x000000071850e9e8}: 'void java.lang.invoke.DirectMethodHandle$Holder.invokeStatic(java.lang.Object, long)'> (0x000000071850e9e8) 
thrown [s\open\src\hotspot\share\interpreter\linkResolver.cpp, line 774]
Event: 0.316 Thread 0x000002e73984b300 Exception <a 'java/lang/NoSuchMethodError'{0x0000000718514350}: 'java.lang.Object java.lang.invoke.DirectMethodHandle$Holder.newInvokeSpecial(java.lang.Object, long)'> (0x0000000718514350) 
thrown [s\open\src\hotspot\share\interpreter\linkResolver.cpp, line 774]
Event: 0.317 Thread 0x000002e73984b300 Exception <a 'java/lang/NoSuchMethodError'{0x0000000718518eb8}: 'java.lang.Object java.lang.invoke.DirectMethodHandle$Holder.invokeStaticInit(java.lang.Object)'> (0x0000000718518eb8) 
thrown [s\open\src\hotspot\share\interpreter\linkResolver.cpp, line 774]
Event: 0.318 Thread 0x000002e73984b300 Exception <a 'java/lang/NoSuchMethodError'{0x000000071851f6a0}: 'java.lang.Object java.lang.invoke.DirectMethodHandle$Holder.invokeStatic(java.lang.Object, long, java.lang.Object)'> (0x000000071851f6a0) 
thrown [s\open\src\hotspot\share\interpreter\linkResolver.cpp, line 774]
Event: 0.318 Thread 0x000002e73984b300 Exception <a 'java/lang/NoSuchMethodError'{0x00000007185230d0}: 'java.lang.Object java.lang.invoke.DirectMethodHandle$Holder.invokeStaticInit(java.lang.Object, long, java.lang.Object)'> (0x00000007185230d0) 
thrown [s\open\src\hotspot\share\interpreter\linkResolver.cpp, line 774]
Event: 0.404 Thread 0x000002e73984b300 Exception <a 'java/lang/NoSuchMethodError'{0x000000071820f590}: 'int java.lang.invoke.DirectMethodHandle$Holder.invokeStatic(java.lang.Object)'> (0x000000071820f590) 
thrown [s\open\src\hotspot\share\interpreter\linkResolver.cpp, line 774]
Event: 0.404 Thread 0x000002e73984b300 Exception <a 'java/lang/NoSuchMethodError'{0x0000000718212da8}: 'int java.lang.invoke.DelegatingMethodHandle$Holder.reinvoke_L(java.lang.Object)'> (0x0000000718212da8) 
thrown [s\open\src\hotspot\share\interpreter\linkResolver.cpp, line 774]
Event: 0.441 Thread 0x000002e73984b300 Exception <a 'java/lang/ClassNotFoundException'{0x0000000718300db8}: sun/awt/resources/spi/awtProvider> (0x0000000718300db8) 
thrown [s\open\src\hotspot\share\classfile\systemDictionary.cpp, line 255]
Event: 0.458 Thread 0x000002e73984b300 Exception <a 'java/io/FileNotFoundException'{0x000000071834c298}> (0x000000071834c298) 
thrown [s\open\src\hotspot\share\prims\jni.cpp, line 517]
Event: 0.463 Thread 0x000002e73984b300 Exception <a 'java/io/FileNotFoundException'{0x00000007183788b8}> (0x00000007183788b8) 
thrown [s\open\src\hotspot\share\prims\jni.cpp, line 517]
Event: 1.054 Thread 0x000002e75ca1a550 Exception <a 'java/lang/NoSuchMethodError'{0x0000000717cdebc0}: 'java.lang.Object java.lang.invoke.Invokers$Holder.invokeExact_MT(java.lang.Object, java.lang.Object, java.lang.Object, java.lang.Object, java.lang.Object, java.lang.Object)'> (0x0000000717cdebc0) 
thrown [s\open\src\hotspot\share\interpreter\linkResolver.cpp, line 774]
Event: 1.131 Thread 0x000002e73984b300 Exception <a 'java/lang/NoSuchMethodError'{0x0000000717adfa50}: 'long java.lang.invoke.DelegatingMethodHandle$Holder.reinvoke_L(java.lang.Object, java.lang.Object)'> (0x0000000717adfa50) 
thrown [s\open\src\hotspot\share\interpreter\linkResolver.cpp, line 774]
Event: 1.132 Thread 0x000002e73984b300 Exception <a 'java/lang/NoSuchMethodError'{0x0000000717aea0b0}: 'void java.lang.invoke.DelegatingMethodHandle$Holder.reinvoke_L(java.lang.Object, java.lang.Object, long)'> (0x0000000717aea0b0) 
thrown [s\open\src\hotspot\share\interpreter\linkResolver.cpp, line 774]
Event: 1.801 Thread 0x000002e761b46b20 Exception <a 'java/lang/NoSuchMethodError'{0x0000000718752288}: 'long java.lang.invoke.Invokers$Holder.invokeExact_MT(java.lang.Object, java.lang.Object, java.lang.Object)'> (0x0000000718752288) 
thrown [s\open\src\hotspot\share\interpreter\linkResolver.cpp, line 774]
Event: 1.813 Thread 0x000002e761b46b20 Implicit null exception at 0x000002e7493a6512 to 0x000002e7493a6710
Event: 1.813 Thread 0x000002e761b46b20 Exception <a 'java/lang/NoSuchMethodError'{0x00000007184c33a8}: 'void java.lang.invoke.DirectMethodHandle$Holder.invokeSpecial(java.lang.Object, java.lang.Object, java.lang.Object)'> (0x00000007184c33a8) 
thrown [s\open\src\hotspot\share\interpreter\linkResolver.cpp, line 774]

VM Operations (20 events):
Event: 0.085 Executing VM operation: HandshakeAllThreads
Event: 0.085 Executing VM operation: HandshakeAllThreads done
Event: 0.153 Executing VM operation: HandshakeAllThreads
Event: 0.153 Executing VM operation: HandshakeAllThreads done
Event: 0.211 Executing VM operation: HandshakeAllThreads
Event: 0.211 Executing VM operation: HandshakeAllThreads done
Event: 0.284 Executing VM operation: HandshakeAllThreads
Event: 0.284 Executing VM operation: HandshakeAllThreads done
Event: 0.403 Executing VM operation: HandshakeAllThreads
Event: 0.403 Executing VM operation: HandshakeAllThreads done
Event: 0.724 Executing VM operation: HandshakeAllThreads
Event: 0.724 Executing VM operation: HandshakeAllThreads done
Event: 0.729 Executing VM operation: HandshakeAllThreads
Event: 0.729 Executing VM operation: HandshakeAllThreads done
Event: 1.658 Executing VM operation: G1CollectForAllocation
Event: 1.673 Executing VM operation: G1CollectForAllocation done
Event: 1.673 Executing VM operation: HandshakeAllThreads
Event: 1.674 Executing VM operation: HandshakeAllThreads done
Event: 2.353 Executing VM operation: HandshakeAllThreads
Event: 2.354 Executing VM operation: HandshakeAllThreads done

Events (20 events):
Event: 0.085 Thread 0x000002e75c9e63a0 Thread added: 0x000002e75c9e63a0
Event: 0.087 Thread 0x000002e7614c4460 Thread added: 0x000002e7614c4460
Event: 0.150 Thread 0x000002e761860520 Thread added: 0x000002e761860520
Event: 0.150 Thread 0x000002e761867de0 Thread added: 0x000002e761867de0
Event: 0.329 Thread 0x000002e76186e060 Thread added: 0x000002e76186e060
Event: 0.369 Thread 0x000002e761a59320 Thread added: 0x000002e761a59320
Event: 0.379 Thread 0x000002e761a59320 Thread exited: 0x000002e761a59320
Event: 0.489 Thread 0x000002e761ac9f60 Thread added: 0x000002e761ac9f60
Event: 0.490 Thread 0x000002e761acd140 Thread added: 0x000002e761acd140
Event: 0.492 Thread 0x000002e761ad0120 Thread added: 0x000002e761ad0120
Event: 0.726 Thread 0x000002e761b48060 Thread added: 0x000002e761b48060
Event: 0.976 Thread 0x000002e76186e060 Thread exited: 0x000002e76186e060
Event: 1.035 Thread 0x000002e76902b5e0 Thread added: 0x000002e76902b5e0
Event: 1.035 Thread 0x000002e76902bb60 Thread added: 0x000002e76902bb60
Event: 1.143 Thread 0x000002e761b46b20 Thread added: 0x000002e761b46b20
Event: 1.396 Thread 0x000002e76902bb60 Thread exited: 0x000002e76902bb60
Event: 1.396 Thread 0x000002e76902b5e0 Thread exited: 0x000002e76902b5e0
Event: 1.779 Thread 0x000002e761b48060 Thread exited: 0x000002e761b48060
Event: 1.779 Thread 0x000002e761acd140 Thread exited: 0x000002e761acd140
Event: 2.184 Thread 0x000002e761b47b10 Thread added: 0x000002e761b47b10


Dynamic libraries:
0x00007ff6123b0000 - 0x00007ff6123c0000 	D:\SOFTWARE\JDK19\bin\java.exe
0x00007ffbb18b0000 - 0x00007ffbb1ac4000 	C:\WINDOWS\SYSTEM32\ntdll.dll
0x00007ffbb0190000 - 0x00007ffbb0252000 	C:\WINDOWS\System32\KERNEL32.DLL
0x00007ffbaf070000 - 0x00007ffbaf413000 	C:\WINDOWS\System32\KERNELBASE.dll
0x00007ffbaedf0000 - 0x00007ffbaef01000 	C:\WINDOWS\System32\ucrtbase.dll
0x00007ffb9ebb0000 - 0x00007ffb9ebc8000 	D:\SOFTWARE\JDK19\bin\jli.dll
0x00007ffb9eab0000 - 0x00007ffb9eacb000 	D:\SOFTWARE\JDK19\bin\VCRUNTIME140.dll
0x00007ffbb0710000 - 0x00007ffbb07be000 	C:\WINDOWS\System32\ADVAPI32.dll
0x00007ffbb0970000 - 0x00007ffbb0a17000 	C:\WINDOWS\System32\msvcrt.dll
0x00007ffbb0410000 - 0x00007ffbb04b4000 	C:\WINDOWS\System32\sechost.dll
0x00007ffbb0a20000 - 0x00007ffbb0b37000 	C:\WINDOWS\System32\RPCRT4.dll
0x00007ffbb0260000 - 0x00007ffbb040b000 	C:\WINDOWS\System32\USER32.dll
0x00007ffbaef10000 - 0x00007ffbaef36000 	C:\WINDOWS\System32\win32u.dll
0x00007ffb999a0000 - 0x00007ffb99c2e000 	C:\WINDOWS\WinSxS\amd64_microsoft.windows.common-controls_6595b64144ccf1df_6.0.22621.1635_none_270f70857386168e\COMCTL32.dll
0x00007ffbb0160000 - 0x00007ffbb0189000 	C:\WINDOWS\System32\GDI32.dll
0x00007ffbaf420000 - 0x00007ffbaf538000 	C:\WINDOWS\System32\gdi32full.dll
0x00007ffbaecd0000 - 0x00007ffbaed6a000 	C:\WINDOWS\System32\msvcp_win.dll
0x00007ffba8140000 - 0x00007ffba814a000 	C:\WINDOWS\SYSTEM32\VERSION.dll
0x00007ffbb0de0000 - 0x00007ffbb0e11000 	C:\WINDOWS\System32\IMM32.DLL
0x00007ffb9eb20000 - 0x00007ffb9eb2c000 	D:\SOFTWARE\JDK19\bin\vcruntime140_1.dll
0x00007ffb9ea20000 - 0x00007ffb9eaae000 	D:\SOFTWARE\JDK19\bin\msvcp140.dll
0x00007ffb5f130000 - 0x00007ffb5fdf0000 	D:\SOFTWARE\JDK19\bin\server\jvm.dll
0x00007ffbaa3a0000 - 0x00007ffbaa3a9000 	C:\WINDOWS\SYSTEM32\WSOCK32.dll
0x00007ffba8200000 - 0x00007ffba8234000 	C:\WINDOWS\SYSTEM32\WINMM.dll
0x00007ffbb08f0000 - 0x00007ffbb0961000 	C:\WINDOWS\System32\WS2_32.dll
0x00007ffbadd20000 - 0x00007ffbadd38000 	C:\WINDOWS\SYSTEM32\kernel.appcore.dll
0x00007ffb9dc70000 - 0x00007ffb9dc7a000 	D:\SOFTWARE\JDK19\bin\jimage.dll
0x00007ffb9fbf0000 - 0x00007ffb9fe1e000 	C:\WINDOWS\SYSTEM32\DBGHELP.DLL
0x00007ffbafca0000 - 0x00007ffbb0029000 	C:\WINDOWS\System32\combase.dll
0x00007ffbb0b40000 - 0x00007ffbb0c17000 	C:\WINDOWS\System32\OLEAUT32.dll
0x00007ffb9ae60000 - 0x00007ffb9ae92000 	C:\WINDOWS\SYSTEM32\dbgcore.DLL
0x00007ffbaed70000 - 0x00007ffbaedeb000 	C:\WINDOWS\System32\bcryptPrimitives.dll
0x00007ffb9d3b0000 - 0x00007ffb9d3be000 	D:\SOFTWARE\JDK19\bin\instrument.dll
0x00007ffb9d660000 - 0x00007ffb9d686000 	D:\SOFTWARE\JDK19\bin\java.dll
0x00007ffb9d470000 - 0x00007ffb9d547000 	D:\SOFTWARE\JDK19\bin\jsvml.dll
0x00007ffbb0fc0000 - 0x00007ffbb17ba000 	C:\WINDOWS\System32\SHELL32.dll
0x00007ffbaccd0000 - 0x00007ffbad59e000 	C:\WINDOWS\SYSTEM32\windows.storage.dll
0x00007ffbacb90000 - 0x00007ffbaccce000 	C:\WINDOWS\SYSTEM32\wintypes.dll
0x00007ffbb04c0000 - 0x00007ffbb05b1000 	C:\WINDOWS\System32\SHCORE.dll
0x00007ffbb0100000 - 0x00007ffbb015e000 	C:\WINDOWS\System32\shlwapi.dll
0x00007ffbaec00000 - 0x00007ffbaec21000 	C:\WINDOWS\SYSTEM32\profapi.dll
0x00007ffb98ae0000 - 0x00007ffb98af8000 	D:\SOFTWARE\JDK19\bin\zip.dll
0x00007ffb9dc50000 - 0x00007ffb9dc63000 	D:\SOFTWARE\JDK19\bin\net.dll
0x00007ffba78d0000 - 0x00007ffba7a07000 	C:\WINDOWS\SYSTEM32\WINHTTP.dll
0x00007ffbae190000 - 0x00007ffbae1f9000 	C:\WINDOWS\system32\mswsock.dll
0x00007ffb9d5e0000 - 0x00007ffb9d5f6000 	D:\SOFTWARE\JDK19\bin\nio.dll
0x00007ffb9be20000 - 0x00007ffb9be3a000 	D:\SOFTWARE\INTELLIJ\IntelliJ IDEA Community Edition 2022.2.3\bin\breakgen64.dll
0x00007ffb9d5d0000 - 0x00007ffb9d5d8000 	D:\SOFTWARE\JDK19\bin\extnet.dll
0x00007ffbae3f0000 - 0x00007ffbae40b000 	C:\WINDOWS\SYSTEM32\CRYPTSP.dll
0x00007ffbadc90000 - 0x00007ffbadcc5000 	C:\WINDOWS\system32\rsaenh.dll
0x00007ffbae290000 - 0x00007ffbae2b8000 	C:\WINDOWS\SYSTEM32\USERENV.dll
0x00007ffbae590000 - 0x00007ffbae5b8000 	C:\WINDOWS\SYSTEM32\bcrypt.dll
0x00007ffbae410000 - 0x00007ffbae41c000 	C:\WINDOWS\SYSTEM32\CRYPTBASE.dll
0x00007ffbad800000 - 0x00007ffbad82d000 	C:\WINDOWS\SYSTEM32\IPHLPAPI.DLL
0x00007ffbb0700000 - 0x00007ffbb0709000 	C:\WINDOWS\System32\NSI.dll
0x00007ffba8170000 - 0x00007ffba8189000 	C:\WINDOWS\SYSTEM32\dhcpcsvc6.DLL
0x00007ffba8150000 - 0x00007ffba816f000 	C:\WINDOWS\SYSTEM32\dhcpcsvc.DLL
0x00007ffbad870000 - 0x00007ffbad963000 	C:\WINDOWS\SYSTEM32\DNSAPI.dll
0x00007ffbac0f0000 - 0x00007ffbac187000 	C:\WINDOWS\system32\apphelp.dll
0x00000000637c0000 - 0x00000000637cd000 	C:\Users\teenc\AppData\Local\Temp\jogamp_0000\file_cache\jln15567556876956391981\jln16011520431473724487\natives\windows-amd64\gluegen-rt.dll
0x00007ffb697d0000 - 0x00007ffb69961000 	D:\SOFTWARE\JDK19\bin\awt.dll
0x00007ffbac2d0000 - 0x00007ffbac37b000 	C:\WINDOWS\system32\uxtheme.dll
0x00007ffbb05c0000 - 0x00007ffbb06de000 	C:\WINDOWS\System32\MSCTF.dll
0x00007ffbb0e20000 - 0x00007ffbb0fbc000 	C:\WINDOWS\System32\ole32.dll
0x00007ffb9bdd0000 - 0x00007ffb9bdd7000 	D:\SOFTWARE\JDK19\bin\jawt.dll
0x000000006a440000 - 0x000000006a44d000 	C:\Users\teenc\AppData\Local\Temp\jogamp_0000\file_cache\jln15567556876956391981\jln16011520431473724487\natives\windows-amd64\nativewindow_awt.dll
0x00007ffbac530000 - 0x00007ffbac55b000 	C:\WINDOWS\system32\DWMAPI.DLL
0x00007ffb9be40000 - 0x00007ffb9bf40000 	C:\WINDOWS\system32\opengl32.dll
0x00007ffb9ee20000 - 0x00007ffb9ee4d000 	C:\WINDOWS\SYSTEM32\GLU32.dll
0x00007ffbac3e0000 - 0x00007ffbac416000 	C:\WINDOWS\SYSTEM32\dxcore.dll
0x00007ffba1c40000 - 0x00007ffba1de9000 	C:\WINDOWS\system32\d3d9.dll
0x00007ffba8940000 - 0x00007ffba8988000 	C:\WINDOWS\SYSTEM32\directxdatabasehelper.dll
0x00007ffbae900000 - 0x00007ffbae912000 	C:\WINDOWS\SYSTEM32\msasn1.dll
0x00007ffba6a70000 - 0x00007ffba6aa2000 	C:\WINDOWS\SYSTEM32\cryptnet.dll
0x00007ffbaf540000 - 0x00007ffbaf6a7000 	C:\WINDOWS\System32\CRYPT32.dll
0x00007ffbaef40000 - 0x00007ffbaefab000 	C:\WINDOWS\System32\WINTRUST.DLL
0x00007ffbb07c0000 - 0x00007ffbb07df000 	C:\WINDOWS\System32\imagehlp.dll
0x00007ffb78c50000 - 0x00007ffb78d0e000 	C:\WINDOWS\System32\DriverStore\FileRepository\nvami.inf_amd64_57378df08e27c128\nvldumdx.dll
0x00007ffba6790000 - 0x00007ffba68f1000 	C:\WINDOWS\SYSTEM32\drvstore.dll
0x00007ffbae880000 - 0x00007ffbae8ac000 	C:\WINDOWS\SYSTEM32\devobj.dll
0x00007ffbae8b0000 - 0x00007ffbae8fe000 	C:\WINDOWS\SYSTEM32\cfgmgr32.dll
0x00007ffbae4a0000 - 0x00007ffbae4e8000 	C:\WINDOWS\SYSTEM32\wldp.dll
0x00007ffb50f70000 - 0x00007ffb53579000 	C:\WINDOWS\System32\DriverStore\FileRepository\nvami.inf_amd64_57378df08e27c128\nvd3dumx.dll
0x00007ffb6a3d0000 - 0x00007ffb6a69f000 	C:\WINDOWS\system32\nvspcap64.dll
0x00007ffbadd40000 - 0x00007ffbadd74000 	C:\WINDOWS\SYSTEM32\ntmarta.dll
0x00007ffbae220000 - 0x00007ffbae246000 	C:\WINDOWS\SYSTEM32\gpapi.dll
0x00007ffba5f20000 - 0x00007ffba60fb000 	C:\Windows\System32\DriverStore\FileRepository\u0362957.inf_amd64_47170f5efa6cd04e\B362672\aticfx64.dll
0x00007ffb92d20000 - 0x00007ffb92d53000 	C:\Windows\System32\DriverStore\FileRepository\u0362957.inf_amd64_47170f5efa6cd04e\B362672\atiu9p64.dll
0x00007ffb88370000 - 0x00007ffb89006000 	C:\Windows\System32\DriverStore\FileRepository\u0362957.inf_amd64_47170f5efa6cd04e\B362672\atiumd64.dll
0x0000000062170000 - 0x0000000062fed000 	C:\WINDOWS\System32\DriverStore\FileRepository\u0362957.inf_amd64_47170f5efa6cd04e\B362672\atiumd6a.dll
0x00007ffbaeba0000 - 0x00007ffbaebed000 	C:\WINDOWS\SYSTEM32\POWRPROF.dll
0x00007ffbaeb80000 - 0x00007ffbaeb93000 	C:\WINDOWS\SYSTEM32\UMPDC.dll
0x00007ffba34d0000 - 0x00007ffba34ff000 	C:\WINDOWS\SYSTEM32\amdihk64.dll
0x000000006c100000 - 0x000000006c10f000 	C:\Users\teenc\AppData\Local\Temp\jogamp_0000\file_cache\jln15567556876956391981\jln16011520431473724487\natives\windows-amd64\nativewindow_win32.dll
0x0000000064500000 - 0x00000000645b1000 	C:\Users\teenc\AppData\Local\Temp\jogamp_0000\file_cache\jln15567556876956391981\jln16011520431473724487\natives\windows-amd64\jogl_desktop.dll
0x0000000064340000 - 0x00000000643a2000 	C:\Users\teenc\AppData\Local\Temp\jogamp_0000\file_cache\jln15567556876956391981\jln16011520431473724487\natives\windows-amd64\jogl_mobile.dll
0x00007ffbb17c0000 - 0x00007ffbb1870000 	C:\WINDOWS\System32\clbcatq.dll
0x00007ffba8d90000 - 0x00007ffba8ec4000 	C:\Windows\System32\AppXDeploymentClient.dll
0x00007ffb5ad30000 - 0x00007ffb5e65d000 	C:\WINDOWS\System32\DriverStore\FileRepository\nvami.inf_amd64_57378df08e27c128\nvoglv64.dll
0x00007ffbaf7a0000 - 0x00007ffbafc14000 	C:\WINDOWS\System32\SETUPAPI.dll
0x00007ffbac190000 - 0x00007ffbac1a4000 	C:\WINDOWS\SYSTEM32\WTSAPI32.dll
0x00007ffbae950000 - 0x00007ffbae9b6000 	C:\WINDOWS\SYSTEM32\WINSTA.dll
0x000000006cbc0000 - 0x000000006cbd3000 	C:\Users\teenc\AppData\Local\Temp\jogamp_0000\file_cache\jln15567556876956391981\jln16011520431473724487\natives\windows-amd64\newt.dll
0x00007ffba90b0000 - 0x00007ffba916c000 	C:\WINDOWS\SYSTEM32\mscms.dll
0x00007ffb7c250000 - 0x00007ffb7c299000 	C:\WINDOWS\SYSTEM32\icm32.dll
0x00007ffb9cab0000 - 0x00007ffb9cbdd000 	C:\WINDOWS\SYSTEM32\textinputframework.dll
0x00007ffbabc50000 - 0x00007ffbabd83000 	C:\WINDOWS\SYSTEM32\CoreMessaging.dll
0x00007ffba7c00000 - 0x00007ffba7f6c000 	C:\WINDOWS\SYSTEM32\CoreUIComponents.dll

dbghelp: loaded successfully - version: 4.0.5 - missing functions: none
symbol engine: initialized successfully - sym options: 0x614 - pdb path: .;D:\SOFTWARE\JDK19\bin;C:\WINDOWS\SYSTEM32;C:\WINDOWS\WinSxS\amd64_microsoft.windows.common-controls_6595b64144ccf1df_6.0.22621.1635_none_270f70857386168e;D:\SOFTWARE\JDK19\bin\server;D:\SOFTWARE\INTELLIJ\IntelliJ IDEA Community Edition 2022.2.3\bin;C:\Users\teenc\AppData\Local\Temp\jogamp_0000\file_cache\jln15567556876956391981\jln16011520431473724487\natives\windows-amd64;C:\WINDOWS\System32\DriverStore\FileRepository\nvami.inf_amd64_57378df08e27c128;C:\Windows\System32\DriverStore\FileRepository\u0362957.inf_amd64_47170f5efa6cd04e\B362672

VM Arguments:
jvm_args: -javaagent:D:\SOFTWARE\INTELLIJ\IntelliJ IDEA Community Edition 2022.2.3\lib\idea_rt.jar=52553:D:\SOFTWARE\INTELLIJ\IntelliJ IDEA Community Edition 2022.2.3\bin -Dfile.encoding=UTF-8 -Dsun.stdout.encoding=UTF-8 -Dsun.stderr.encoding=UTF-8 
java_command: org.tencherobert.Main
java_class_path (initial): D:\GIT\gui\target\classes;C:\Users\teenc\.m2\repository\org\jogamp\gluegen\gluegen-rt-main\2.3.2\gluegen-rt-main-2.3.2.jar;C:\Users\teenc\.m2\repository\org\jogamp\gluegen\gluegen-rt\2.3.2\gluegen-rt-2.3.2.jar;C:\Users\teenc\.m2\repository\org\jogamp\gluegen\gluegen-rt\2.3.2\gluegen-rt-2.3.2-natives-android-aarch64.jar;C:\Users\teenc\.m2\repository\org\jogamp\gluegen\gluegen-rt\2.3.2\gluegen-rt-2.3.2-natives-android-armv6.jar;C:\Users\teenc\.m2\repository\org\jogamp\gluegen\gluegen-rt\2.3.2\gluegen-rt-2.3.2-natives-linux-amd64.jar;C:\Users\teenc\.m2\repository\org\jogamp\gluegen\gluegen-rt\2.3.2\gluegen-rt-2.3.2-natives-linux-armv6.jar;C:\Users\teenc\.m2\repository\org\jogamp\gluegen\gluegen-rt\2.3.2\gluegen-rt-2.3.2-natives-linux-armv6hf.jar;C:\Users\teenc\.m2\repository\org\jogamp\gluegen\gluegen-rt\2.3.2\gluegen-rt-2.3.2-natives-linux-i586.jar;C:\Users\teenc\.m2\repository\org\jogamp\gluegen\gluegen-rt\2.3.2\gluegen-rt-2.3.2-natives-macosx-universal.jar;C:\Users\teenc\.m2\repository\org\jogamp\gluegen\gluegen-rt\2.3.2\gluegen-rt-2.3.2-natives-solaris-amd64.jar;C:\Users\teenc\.m2\repository\org\jogamp\gluegen\gluegen-rt\2.3.2\gluegen-rt-2.3.2-natives-solaris-i586.jar;C:\Users\teenc\.m2\repository\org\jogamp\gluegen\gluegen-rt\2.3.2\gluegen-rt-2.3.2-natives-windows-amd64.jar;C:\Users\teenc\.m2\repository\org\jogamp\gluegen\gluegen-rt\2.3.2\gluegen-rt-2.3.2-natives-windows-i586.jar;C:\Users\teenc\.m2\repository\org\jogamp\jogl\jogl-all-main\2.3.2\jogl-all-main-2.3.2.jar;C:\Users\teenc\.m2\repository\org\jogamp\jogl\jogl-all\2.3.2\jogl-all-2.3.2-natives-android-aarch64.jar;C:\Users\teenc\.m2\repository\org\jogamp\jogl\jogl-all\2.3.2\jogl-all-2.3.2-natives-android-armv6.jar;C:\Users\teenc\.m2\repository\org\jogamp\jogl\jogl-all\2.3.2\jogl-all-2.3.2-natives-linux-amd64.jar;C:\Users\teenc\.m2\repository\org\jogamp\jogl\jogl-all\2.3.2\jogl-all-2.3.2-natives-linux-armv6.jar;C:\Users\teenc\.m2\repository\org\jogamp\jogl\jogl-all\2.3.2\jogl-all-2.3.2-natives-linux-armv6hf.jar;C:\Users\teenc\.m2\repository\org\jogamp\jogl\jogl-all\2.3.2\jogl-all-2.3.2-natives-linux-i586.jar;C:\Users\teenc\.m2\repository\org\jogamp\jogl\jogl-all\2.3.2\jogl-all-2.3.2-natives-macosx-universal.jar;C:\Users\teenc\.m2\repository\org\jogamp\jogl\jogl-all\2.3.2\jogl-all-2.3.2-natives-solaris-amd64.jar;C:\Users\teenc\.m2\repository\org\jogamp\jogl\jogl-all\2.3.2\jogl-all-2.3.2-natives-solaris-i586.jar;C:\Users\teenc\.m2\repository\org\jogamp\jogl\jogl-all\2.3.2\jogl-all-2.3.2-natives-windows-amd64.jar;C:\Users\teenc\.m2\repository\org\jogamp\jogl\jogl-all\2.3.2\jogl-all-2.3.2-natives-windows-i586.jar;C:\Users\teenc\.m2\repository\org\jogamp\jocl\jocl-main\2.3.2\jocl-main-2.3.2.jar;C:\Users\teenc\.m2\repository\org\jogamp\jocl\jocl\2.3.2\jocl-2.3.2.jar;C:\Users\teenc\.m2\repository\org\jogamp\jocl\jocl\2.3.2\jocl-2.3.2-natives-android-aarch64.jar;C:\Users\teenc\.m2\repository\org\jogamp\jocl\jocl\2.3.2\jocl-2.3.2-natives-android-armv6.jar;C:\Users\teenc\.m2\repository\org\jogamp\jocl\jocl\2.3.2\jocl-2.3.2-natives-linux-amd64.jar;C:\Users\teenc\.m2\repository\org\jogamp\jocl\jocl\2.3.2\jocl-2.3.2-natives-linux-armv6.jar;C:\Users\teenc\.m2\repository\org\jogamp\jocl\jocl\2.3.2\jocl-2.3.2-natives-linux-armv6hf.jar;C:\Users\teenc\.m2\repository\org\jogamp\jocl\jocl\2.3.2\jocl-2.3.2-natives-linux-i586.jar;C:\Users\teenc\.m2\repository\org\jogamp\jocl\jocl\2.3.2\jocl-2.3.2-natives-macosx-universal.jar;C:\Users\teenc\.m2\repository\org\jogamp\jocl\jocl\2.3.2\jocl-2.3.2-natives-solaris-amd64.jar;C:\Users\teenc\.m2\repository\org\jogamp\jocl\jocl\2.3.2\jocl-2.3.2-natives-solaris-i586.jar;C:\Users\teenc\.m2\repository\org\jogamp\jocl\jocl\2.3.2\jocl-2.3.2-natives-windows-amd64.jar;C:\Users\teenc\.m2\repository\org\jogamp\jocl\jocl\2.3.2\jocl-2.3.2-natives-windows-i586.jar;C:\Users\teenc\.m2\repository\org\jogamp\joal\joal-main\2.3.2\joal-main-2.3.2.jar;C:\Users\teenc\.m2\repository\org\jogamp\joal\joal\2.3.2\joal-2.3.2.jar;C:\Users\teenc\.m2\repository\org\jogamp\joal\joal\2.3.2\joal-2.3.2-natives-android-aarch64.jar;C:\Users\teenc\.m2\repository\org\jogamp\joal\joal\2.3.2\joal-2.3.2-natives-android-armv6.jar;C:\Users\teenc\.m2\repository\org\jogamp\joal\joal\2.3.2\joal-2.3.2-natives-linux-amd64.jar;C:\Users\teenc\.m2\repository\org\jogamp\joal\joal\2.3.2\joal-2.3.2-natives-linux-armv6.jar;C:\Users\teenc\.m2\repository\org\jogamp\joal\joal\2.3.2\joal-2.3.2-natives-linux-armv6hf.jar;C:\Users\teenc\.m2\repository\org\jogamp\joal\joal\2.3.2\joal-2.3.2-natives-linux-i586.jar;C:\Users\teenc\.m2\repository\org\jogamp\joal\joal\2.3.2\joal-2.3.2-natives-macosx-universal.jar;C:\Users\teenc\.m2\repository\org\jogamp\joal\joal\2.3.2\joal-2.3.2-natives-solaris-amd64.jar;C:\Users\teenc\.m2\repository\org\jogamp\joal\joal\2.3.2\joal-2.3.2-natives-solaris-i586.jar;C:\Users\teenc\.m2\repository\org\jogamp\joal\joal\2.3.2\joal-2.3.2-natives-windows-amd64.jar;C:\Users\teenc\.m2\repository\org\jogamp\joal\joal\2.3.2\joal-2.3.2-natives-windows-i586.jar;C:\Users\teenc\.m2\repository\org\jogamp\jogl\jogl-all\2.3.2\jogl-all-2.3.2.jar
Launcher Type: SUN_STANDARD

[Global flags]
     intx CICompilerCount                          = 12                                        {product} {ergonomic}
     uint ConcGCThreads                            = 3                                         {product} {ergonomic}
     uint G1ConcRefinementThreads                  = 13                                        {product} {ergonomic}
   size_t G1HeapRegionSize                         = 2097152                                   {product} {ergonomic}
    uintx GCDrainStackTargetSize                   = 64                                        {product} {ergonomic}
   size_t InitialHeapSize                          = 260046848                                 {product} {ergonomic}
   size_t MarkStackSize                            = 4194304                                   {product} {ergonomic}
   size_t MaxHeapSize                              = 4139778048                                {product} {ergonomic}
   size_t MaxNewSize                               = 2483027968                                {product} {ergonomic}
   size_t MinHeapDeltaBytes                        = 2097152                                   {product} {ergonomic}
   size_t MinHeapSize                              = 8388608                                   {product} {ergonomic}
    uintx NonNMethodCodeHeapSize                   = 7602480                                {pd product} {ergonomic}
    uintx NonProfiledCodeHeapSize                  = 122027880                              {pd product} {ergonomic}
    uintx ProfiledCodeHeapSize                     = 122027880                              {pd product} {ergonomic}
    uintx ReservedCodeCacheSize                    = 251658240                              {pd product} {ergonomic}
     bool SegmentedCodeCache                       = true                                      {product} {ergonomic}
   size_t SoftMaxHeapSize                          = 4139778048                             {manageable} {ergonomic}
     bool UseCompressedClassPointers               = true                           {product lp64_product} {ergonomic}
     bool UseCompressedOops                        = true                           {product lp64_product} {ergonomic}
     bool UseG1GC                                  = true                                      {product} {ergonomic}
     bool UseLargePagesIndividualAllocation        = false                                  {pd product} {ergonomic}

Logging:
Log output configuration:
 #0: stdout all=warning uptime,level,tags foldmultilines=false
 #1: stderr all=off uptime,level,tags foldmultilines=false

Environment Variables:
JAVA_HOME=D:\SOFTWARE\JDK19
PATH=C:\Program Files\Common Files\Oracle\Java\javapath;D:\SOFTWARE\CUDA\SDK\bin;D:\SOFTWARE\CUDA\SDK\lib\x64;C:\WINDOWS\system32;C:\WINDOWS;C:\WINDOWS\System32\Wbem;C:\WINDOWS\System32\WindowsPowerShell\v1.0\;C:\WINDOWS\System32\OpenSSH\;D:\SOFTWARE\Git\cmd;D:\SOFTWARE\GCC-CLANG\mingw64\bin;D:\SOFTWARE\CMAKE\bin;C:\Program Files\NVIDIA Corporation\Nsight Compute 2022.2.1\;C:\Program Files (x86)\NVIDIA Corporation\PhysX\Common;C:\Program Files\NVIDIA Corporation\NVIDIA NvDLISR;D:\SOFTWARE\GITEXTENSIONS\;C:\WINDOWS\system32;C:\WINDOWS;C:\WINDOWS\System32\Wbem;C:\WINDOWS\System32\WindowsPowerShell\v1.0\;C:\WINDOWS\System32\OpenSSH\;D:\SOFTWARE\VISUAL STUDIO\VISUAL STUDIO\VC\Tools\MSVC\14.35.32215\bin\Hostx64\x64;D:\SOFTWARE\VISUAL STUDIO\VISUAL STUDIO\VC\Tools\MSVC\14.35.32215\lib\onecore\x64;C:\ProgramData\chocolatey\bin;C:\Python310;D:\SOFTWARE\nvm;D:\SOFTWARE\nvm-symlink;D:\SOFTWARE\PHP;D:\SOFTWARE\OPENCV\LIBRARY\opencv\build\x64\vc16\bin;D:\SOFTWARE\OPENCV\LIBRARY\opencv\build\x64\vc16\lib;C:\Users\teenc\AppData\Local\Programs\Python\Python310\Scripts\;C:\Users\teenc\AppData\Local\Programs\Python\Python310\;C:\Users\teenc\AppData\Local\Microsoft\WindowsApps;D:\SOFTWARE\Microsoft VS Code\bin;C:\Users\teenc\AppData\Roaming\npm;D:\SOFTWARE\INTELLIJ\IntelliJ IDEA Community Edition 2022.2.3\bin;;D:\SOFTWARE\nvm;D:\SOFTWARE\nvm-symlink
USERNAME=teenc
OS=Windows_NT
PROCESSOR_IDENTIFIER=AMD64 Family 23 Model 96 Stepping 1, AuthenticAMD
TMP=C:\Users\teenc\AppData\Local\Temp
TEMP=C:\Users\teenc\AppData\Local\Temp



---------------  S Y S T E M  ---------------

OS:
 Windows 11 , 64 bit Build 22621 (10.0.22621.1635)
OS uptime: 0 days 4:56 hours

CPU: total 16 (initial active 16) (16 cores per cpu, 2 threads per core) family 23 model 96 stepping 1 microcode 0x0, cx8, cmov, fxsr, ht, mmx, 3dnowpref, sse, sse2, sse3, ssse3, sse4a, sse4.1, sse4.2, popcnt, lzcnt, tsc, tscinvbit, avx, avx2, aes, clmul, bmi1, bmi2, adx, sha, fma, vzeroupper, clflush, clflushopt, rdtscp, rdpid

Memory: 4k page, system-wide physical 15789M (3896M free)
TotalPageFile size 22373M (AvailPageFile size 2505M)
current process WorkingSet (physical memory assigned to process): 147M, peak: 147M
current process commit charge ("private bytes"): 440M, peak: 440M

vm_info: Java HotSpot(TM) 64-Bit Server VM (19.0.1+10-21) for windows-amd64 JRE (19.0.1+10-21), built on 2022-09-14T12:45:06Z by "mach5one" with MS VC++ 17.1 (VS2022)

END.
